<?xml version="1.0" encoding="UTF-8"?>
<testsuite xmlns:xsi="http://www.w3.org/2001/XMLSchema-instance" xsi:noNamespaceSchemaLocation="https://maven.apache.org/surefire/maven-surefire-plugin/xsd/surefire-test-report.xsd" version="3.0.2" name="com.example.helloworld.HelloworldApplicationTests" time="3.549" tests="1" errors="0" skipped="0" failures="0">
  <properties>
[...]
</properties>
  <testcase name="contextLoads" classname="com.example.helloworld.HelloworldApplicationTests" time="1.042">
    <system-out><![CDATA[15:20:02.656 [main] INFO org.springframework.test.context.support.AnnotationConfigContextLoaderUtils -- Could not detect default configuration classes for test class [com.example.helloworld.HelloworldApplicationTests]: HelloworldApplicationTests does not declare any static, non-private, non-final, nested classes annotated with @Configuration.
15:20:02.820 [main] INFO org.springframework.boot.test.context.SpringBootTestContextBootstrapper -- Found @SpringBootConfiguration com.example.helloworld.HelloworldApplication for test class com.example.helloworld.HelloworldApplicationTests

  .   ____          _            __ _ _
 /\\ / ___'_ __ _ _(_)_ __  __ _ \ \ \ \
( ( )\___ | '_ | '_| | '_ \/ _` | \ \ \ \
 \\/  ___)| |_)| | | | | || (_| |  ) ) ) )
  '  |____| .__|_| |_|_| |_\__, | / / / /
 =========|_|==============|___/=/_/_/_/

 :: Spring Boot ::                (v3.4.1)

2025-01-15T15:20:03.375+08:00  INFO 29740 --- [helloworld] [           main] c.e.h.HelloworldApplicationTests         : Starting HelloworldApplicationTests using Java 18.0.2 with PID 29740 (started by 90941 in C:\Users\90941\Desktop\JAVA\helloworld)
2025-01-15T15:20:03.378+08:00  INFO 29740 --- [helloworld] [           main] c.e.h.HelloworldApplicationTests         : No active profile set, falling back to 1 default profile: "default"
2025-01-15T15:20:04.926+08:00  INFO 29740 --- [helloworld] [           main] c.e.h.HelloworldApplicationTests         : Started HelloworldApplicationTests in 1.922 seconds (process running for 3.641)
]]></system-out>
  </testcase>
</testsuite>